# JRE version: OpenJDK Runtime Environment GraalVM CE 22.3.0 (17.0.5+8) (build 17.0.5+8-jvmci-22.3-b08)
# Java VM: OpenJDK 64-Bit Server VM GraalVM CE 22.3.0 (17.0.5+8-jvmci-22.3-b08, mixed mode, sharing, tiered, jvmci, jvmci compiler, compressed oops, compressed class ptrs, parallel gc, linux-amd64)
GC Precious Log:
 CPUs: 8 total, 1 available
 Memory: 1024M
 Large Page Support: Disabled
 NUMA Support: Disabled
 Compressed Oops: Enabled (32-bit)
 Alignments: Space 512K, Generation 512K, Heap 2M
 Heap Min Capacity: 100M
 Heap Initial Capacity: 100M
 Heap Max Capacity: 512M
 Pre-touch: Disabled
 Parallel Workers: 1
Heap:
 PSYoungGen      total 29184K, used 9727K [0x00000000f5580000, 0x00000000f8580000, 0x0000000100000000)
  eden space 9728K, 99% used [0x00000000f5580000,0x00000000f5effff8,0x00000000f5f00000)
  from space 19456K, 0% used [0x00000000f5f00000,0x00000000f5f00000,0x00000000f7200000)
  to   space 19456K, 0% used [0x00000000f7200000,0x00000000f7200000,0x00000000f8500000)
 ParOldGen       total 349696K, used 349695K [0x00000000e0000000, 0x00000000f5580000, 0x00000000f5580000)
  object space 349696K, 99% used [0x00000000e0000000,0x00000000f557fff0,0x00000000f5580000)
 Metaspace       used 64719K, committed 65728K, reserved 1114112K
  class space    used 6400K, committed 6848K, reserved 1048576K
GC Heap History (20 events):
Event: 468.689 GC heap before
{Heap before GC invocations=631 (full 448):
 PSYoungGen      total 29184K, used 9728K [0x00000000f5580000, 0x00000000f8580000, 0x0000000100000000)
  eden space 9728K, 100% used [0x00000000f5580000,0x00000000f5f00000,0x00000000f5f00000)
  from space 19456K, 0% used [0x00000000f5f00000,0x00000000f5f00000,0x00000000f7200000)
  to   space 19456K, 0% used [0x00000000f7200000,0x00000000f7200000,0x00000000f8500000)
 ParOldGen       total 349696K, used 349668K [0x00000000e0000000, 0x00000000f5580000, 0x00000000f5580000)
  object space 349696K, 99% used [0x00000000e0000000,0x00000000f5579238,0x00000000f5580000)
 Metaspace       used 64717K, committed 65728K, reserved 1114112K
  class space    used 6400K, committed 6848K, reserved 1048576K
}
Event: 469.500 GC heap after
{Heap after GC invocations=631 (full 448):
 PSYoungGen      total 29184K, used 9727K [0x00000000f5580000, 0x00000000f8580000, 0x0000000100000000)
  eden space 9728K, 99% used [0x00000000f5580000,0x00000000f5efffb8,0x00000000f5f00000)
  from space 19456K, 0% used [0x00000000f7200000,0x00000000f7200000,0x00000000f8500000)
  to   space 19456K, 0% used [0x00000000f5f00000,0x00000000f5f00000,0x00000000f7200000)
 ParOldGen       total 349696K, used 349668K [0x00000000e0000000, 0x00000000f5580000, 0x00000000f5580000)
  object space 349696K, 99% used [0x00000000e0000000,0x00000000f5579238,0x00000000f5580000)
 Metaspace       used 64717K, committed 65728K, reserved 1114112K
  class space    used 6400K, committed 6848K, reserved 1048576K
}
Event: 469.500 GC heap before
{Heap before GC invocations=632 (full 449):
 PSYoungGen      total 29184K, used 9727K [0x00000000f5580000, 0x00000000f8580000, 0x0000000100000000)
  eden space 9728K, 99% used [0x00000000f5580000,0x00000000f5efffd8,0x00000000f5f00000)
  from space 19456K, 0% used [0x00000000f7200000,0x00000000f7200000,0x00000000f8500000)
  to   space 19456K, 0% used [0x00000000f5f00000,0x00000000f5f00000,0x00000000f7200000)
 ParOldGen       total 349696K, used 349668K [0x00000000e0000000, 0x00000000f5580000, 0x00000000f5580000)
  object space 349696K, 99% used [0x00000000e0000000,0x00000000f5579238,0x00000000f5580000)
 Metaspace       used 64717K, committed 65728K, reserved 1114112K
  class space    used 6400K, committed 6848K, reserved 1048576K
}
Event: 470.473 GC heap after
{Heap after GC invocations=632 (full 449):
 PSYoungGen      total 29184K, used 9727K [0x00000000f5580000, 0x00000000f8580000, 0x0000000100000000)
  eden space 9728K, 99% used [0x00000000f5580000,0x00000000f5efffd8,0x00000000f5f00000)
  from space 19456K, 0% used [0x00000000f5f00000,0x00000000f5f00000,0x00000000f7200000)
  to   space 19456K, 0% used [0x00000000f7200000,0x00000000f7200000,0x00000000f8500000)
 ParOldGen       total 349696K, used 349668K [0x00000000e0000000, 0x00000000f5580000, 0x00000000f5580000)
  object space 349696K, 99% used [0x00000000e0000000,0x00000000f5579238,0x00000000f5580000)
 Metaspace       used 64717K, committed 65728K, reserved 1114112K
  class space    used 6400K, committed 6848K, reserved 1048576K
}
Event: 470.474 GC heap before
{Heap before GC invocations=633 (full 450):
 PSYoungGen      total 29184K, used 9727K [0x00000000f5580000, 0x00000000f8580000, 0x0000000100000000)
  eden space 9728K, 99% used [0x00000000f5580000,0x00000000f5effff8,0x00000000f5f00000)
  from space 19456K, 0% used [0x00000000f5f00000,0x00000000f5f00000,0x00000000f7200000)
  to   space 19456K, 0% used [0x00000000f7200000,0x00000000f7200000,0x00000000f8500000)
 ParOldGen       total 349696K, used 349694K [0x00000000e0000000, 0x00000000f5580000, 0x00000000f5580000)
  object space 349696K, 99% used [0x00000000e0000000,0x00000000f557fba0,0x00000000f5580000)
 Metaspace       used 64717K, committed 65728K, reserved 1114112K
  class space    used 6400K, committed 6848K, reserved 1048576K
}
Event: 471.279 GC heap after
{Heap after GC invocations=633 (full 450):
 PSYoungGen      total 29184K, used 9727K [0x00000000f5580000, 0x00000000f8580000, 0x0000000100000000)
  eden space 9728K, 99% used [0x00000000f5580000,0x00000000f5effee8,0x00000000f5f00000)
  from space 19456K, 0% used [0x00000000f7200000,0x00000000f7200000,0x00000000f8500000)
  to   space 19456K, 0% used [0x00000000f5f00000,0x00000000f5f00000,0x00000000f7200000)
 ParOldGen       total 349696K, used 349694K [0x00000000e0000000, 0x00000000f5580000, 0x00000000f5580000)
  object space 349696K, 99% used [0x00000000e0000000,0x00000000f557fad8,0x00000000f5580000)
 Metaspace       used 64717K, committed 65728K, reserved 1114112K
  class space    used 6400K, committed 6848K, reserved 1048576K
}
Event: 471.280 GC heap before
{Heap before GC invocations=634 (full 451):
 PSYoungGen      total 29184K, used 9728K [0x00000000f5580000, 0x00000000f8580000, 0x0000000100000000)
  eden space 9728K, 100% used [0x00000000f5580000,0x00000000f5f00000,0x00000000f5f00000)
  from space 19456K, 0% used [0x00000000f7200000,0x00000000f7200000,0x00000000f8500000)
  to   space 19456K, 0% used [0x00000000f5f00000,0x00000000f5f00000,0x00000000f7200000)
 ParOldGen       total 349696K, used 349694K [0x00000000e0000000, 0x00000000f5580000, 0x00000000f5580000)
  object space 349696K, 99% used [0x00000000e0000000,0x00000000f557fad8,0x00000000f5580000)
 Metaspace       used 64719K, committed 65728K, reserved 1114112K
  class space    used 6400K, committed 6848K, reserved 1048576K
}
Event: 472.058 GC heap after
{Heap after GC invocations=634 (full 451):
 PSYoungGen      total 29184K, used 9727K [0x00000000f5580000, 0x00000000f8580000, 0x0000000100000000)
  eden space 9728K, 99% used [0x00000000f5580000,0x00000000f5efffd0,0x00000000f5f00000)
  from space 19456K, 0% used [0x00000000f5f00000,0x00000000f5f00000,0x00000000f7200000)
  to   space 19456K, 0% used [0x00000000f7200000,0x00000000f7200000,0x00000000f8500000)
 ParOldGen       total 349696K, used 349694K [0x00000000e0000000, 0x00000000f5580000, 0x00000000f5580000)
  object space 349696K, 99% used [0x00000000e0000000,0x00000000f557fad8,0x00000000f5580000)
 Metaspace       used 64719K, committed 65728K, reserved 1114112K
  class space    used 6400K, committed 6848K, reserved 1048576K
}
Event: 472.058 GC heap before
{Heap before GC invocations=635 (full 452):
 PSYoungGen      total 29184K, used 9727K [0x00000000f5580000, 0x00000000f8580000, 0x0000000100000000)
  eden space 9728K, 99% used [0x00000000f5580000,0x00000000f5effff0,0x00000000f5f00000)
  from space 19456K, 0% used [0x00000000f5f00000,0x00000000f5f00000,0x00000000f7200000)
  to   space 19456K, 0% used [0x00000000f7200000,0x00000000f7200000,0x00000000f8500000)
 ParOldGen       total 349696K, used 349694K [0x00000000e0000000, 0x00000000f5580000, 0x00000000f5580000)
  object space 349696K, 99% used [0x00000000e0000000,0x00000000f557fad8,0x00000000f5580000)
 Metaspace       used 64719K, committed 65728K, reserved 1114112K
  class space    used 6400K, committed 6848K, reserved 1048576K
}
Event: 473.002 GC heap after
{Heap after GC invocations=635 (full 452):
 PSYoungGen      total 29184K, used 9727K [0x00000000f5580000, 0x00000000f8580000, 0x0000000100000000)
  eden space 9728K, 99% used [0x00000000f5580000,0x00000000f5effff0,0x00000000f5f00000)
  from space 19456K, 0% used [0x00000000f7200000,0x00000000f7200000,0x00000000f8500000)
  to   space 19456K, 0% used [0x00000000f5f00000,0x00000000f5f00000,0x00000000f7200000)
 ParOldGen       total 349696K, used 349694K [0x00000000e0000000, 0x00000000f5580000, 0x00000000f5580000)
  object space 349696K, 99% used [0x00000000e0000000,0x00000000f557fad8,0x00000000f5580000)
 Metaspace       used 64719K, committed 65728K, reserved 1114112K
  class space    used 6400K, committed 6848K, reserved 1048576K
}
Event: 473.050 GC heap before
{Heap before GC invocations=636 (full 453):
 PSYoungGen      total 29184K, used 9728K [0x00000000f5580000, 0x00000000f8580000, 0x0000000100000000)
  eden space 9728K, 100% used [0x00000000f5580000,0x00000000f5f00000,0x00000000f5f00000)
  from space 19456K, 0% used [0x00000000f7200000,0x00000000f7200000,0x00000000f8500000)
  to   space 19456K, 0% used [0x00000000f5f00000,0x00000000f5f00000,0x00000000f7200000)
 ParOldGen       total 349696K, used 349695K [0x00000000e0000000, 0x00000000f5580000, 0x00000000f5580000)
  object space 349696K, 99% used [0x00000000e0000000,0x00000000f557fff8,0x00000000f5580000)
 Metaspace       used 64719K, committed 65728K, reserved 1114112K
  class space    used 6400K, committed 6848K, reserved 1048576K
}
Event: 473.795 GC heap after
{Heap after GC invocations=636 (full 453):
 PSYoungGen      total 29184K, used 9727K [0x00000000f5580000, 0x00000000f8580000, 0x0000000100000000)
  eden space 9728K, 99% used [0x00000000f5580000,0x00000000f5efff28,0x00000000f5f00000)
  from space 19456K, 0% used [0x00000000f5f00000,0x00000000f5f00000,0x00000000f7200000)
  to   space 19456K, 0% used [0x00000000f7200000,0x00000000f7200000,0x00000000f8500000)
 ParOldGen       total 349696K, used 349695K [0x00000000e0000000, 0x00000000f5580000, 0x00000000f5580000)
  object space 349696K, 99% used [0x00000000e0000000,0x00000000f557fd30,0x00000000f5580000)
 Metaspace       used 64719K, committed 65728K, reserved 1114112K
  class space    used 6400K, committed 6848K, reserved 1048576K
}
Event: 473.795 GC heap before
{Heap before GC invocations=637 (full 454):
 PSYoungGen      total 29184K, used 9727K [0x00000000f5580000, 0x00000000f8580000, 0x0000000100000000)
  eden space 9728K, 99% used [0x00000000f5580000,0x00000000f5effff8,0x00000000f5f00000)
  from space 19456K, 0% used [0x00000000f5f00000,0x00000000f5f00000,0x00000000f7200000)
  to   space 19456K, 0% used [0x00000000f7200000,0x00000000f7200000,0x00000000f8500000)
 ParOldGen       total 349696K, used 349695K [0x00000000e0000000, 0x00000000f5580000, 0x00000000f5580000)
  object space 349696K, 99% used [0x00000000e0000000,0x00000000f557fd30,0x00000000f5580000)
 Metaspace       used 64719K, committed 65728K, reserved 1114112K
  class space    used 6400K, committed 6848K, reserved 1048576K
}
Event: 474.658 GC heap after
{Heap after GC invocations=637 (full 454):
 PSYoungGen      total 29184K, used 9727K [0x00000000f5580000, 0x00000000f8580000, 0x0000000100000000)
  eden space 9728K, 99% used [0x00000000f5580000,0x00000000f5efff28,0x00000000f5f00000)
  from space 19456K, 0% used [0x00000000f7200000,0x00000000f7200000,0x00000000f8500000)
  to   space 19456K, 0% used [0x00000000f5f00000,0x00000000f5f00000,0x00000000f7200000)
 ParOldGen       total 349696K, used 349695K [0x00000000e0000000, 0x00000000f5580000, 0x00000000f5580000)
  object space 349696K, 99% used [0x00000000e0000000,0x00000000f557fd30,0x00000000f5580000)
 Metaspace       used 64719K, committed 65728K, reserved 1114112K
  class space    used 6400K, committed 6848K, reserved 1048576K
}
Event: 474.658 GC heap before
{Heap before GC invocations=638 (full 455):
 PSYoungGen      total 29184K, used 9727K [0x00000000f5580000, 0x00000000f8580000, 0x0000000100000000)
  eden space 9728K, 99% used [0x00000000f5580000,0x00000000f5effff8,0x00000000f5f00000)
  from space 19456K, 0% used [0x00000000f7200000,0x00000000f7200000,0x00000000f8500000)
  to   space 19456K, 0% used [0x00000000f5f00000,0x00000000f5f00000,0x00000000f7200000)
 ParOldGen       total 349696K, used 349695K [0x00000000e0000000, 0x00000000f5580000, 0x00000000f5580000)
  object space 349696K, 99% used [0x00000000e0000000,0x00000000f557fd30,0x00000000f5580000)
 Metaspace       used 64719K, committed 65728K, reserved 1114112K
  class space    used 6400K, committed 6848K, reserved 1048576K
}
Event: 475.562 GC heap after
{Heap after GC invocations=638 (full 455):
 PSYoungGen      total 29184K, used 9727K [0x00000000f5580000, 0x00000000f8580000, 0x0000000100000000)
  eden space 9728K, 99% used [0x00000000f5580000,0x00000000f5efff28,0x00000000f5f00000)
  from space 19456K, 0% used [0x00000000f5f00000,0x00000000f5f00000,0x00000000f7200000)
  to   space 19456K, 0% used [0x00000000f7200000,0x00000000f7200000,0x00000000f8500000)
 ParOldGen       total 349696K, used 349695K [0x00000000e0000000, 0x00000000f5580000, 0x00000000f5580000)
  object space 349696K, 99% used [0x00000000e0000000,0x00000000f557fd30,0x00000000f5580000)
 Metaspace       used 64719K, committed 65728K, reserved 1114112K
  class space    used 6400K, committed 6848K, reserved 1048576K
}
Event: 475.562 GC heap before
{Heap before GC invocations=639 (full 456):
 PSYoungGen      total 29184K, used 9727K [0x00000000f5580000, 0x00000000f8580000, 0x0000000100000000)
  eden space 9728K, 99% used [0x00000000f5580000,0x00000000f5effff8,0x00000000f5f00000)
  from space 19456K, 0% used [0x00000000f5f00000,0x00000000f5f00000,0x00000000f7200000)
  to   space 19456K, 0% used [0x00000000f7200000,0x00000000f7200000,0x00000000f8500000)
 ParOldGen       total 349696K, used 349695K [0x00000000e0000000, 0x00000000f5580000, 0x00000000f5580000)
  object space 349696K, 99% used [0x00000000e0000000,0x00000000f557fd30,0x00000000f5580000)
 Metaspace       used 64719K, committed 65728K, reserved 1114112K
  class space    used 6400K, committed 6848K, reserved 1048576K
}
Event: 476.359 GC heap after
{Heap after GC invocations=639 (full 456):
 PSYoungGen      total 29184K, used 9727K [0x00000000f5580000, 0x00000000f8580000, 0x0000000100000000)
  eden space 9728K, 99% used [0x00000000f5580000,0x00000000f5efff28,0x00000000f5f00000)
  from space 19456K, 0% used [0x00000000f7200000,0x00000000f7200000,0x00000000f8500000)
  to   space 19456K, 0% used [0x00000000f5f00000,0x00000000f5f00000,0x00000000f7200000)
 ParOldGen       total 349696K, used 349695K [0x00000000e0000000, 0x00000000f5580000, 0x00000000f5580000)
  object space 349696K, 99% used [0x00000000e0000000,0x00000000f557fd30,0x00000000f5580000)
 Metaspace       used 64719K, committed 65728K, reserved 1114112K
  class space    used 6400K, committed 6848K, reserved 1048576K
}
Event: 476.359 GC heap before
{Heap before GC invocations=640 (full 457):
 PSYoungGen      total 29184K, used 9727K [0x00000000f5580000, 0x00000000f8580000, 0x0000000100000000)
  eden space 9728K, 99% used [0x00000000f5580000,0x00000000f5efff28,0x00000000f5f00000)
  from space 19456K, 0% used [0x00000000f7200000,0x00000000f7200000,0x00000000f8500000)
  to   space 19456K, 0% used [0x00000000f5f00000,0x00000000f5f00000,0x00000000f7200000)
 ParOldGen       total 349696K, used 349695K [0x00000000e0000000, 0x00000000f5580000, 0x00000000f5580000)
  object space 349696K, 99% used [0x00000000e0000000,0x00000000f557fd30,0x00000000f5580000)
 Metaspace       used 64719K, committed 65728K, reserved 1114112K
  class space    used 6400K, committed 6848K, reserved 1048576K
}
Event: 477.173 GC heap after
{Heap after GC invocations=640 (full 457):
 PSYoungGen      total 29184K, used 9727K [0x00000000f5580000, 0x00000000f8580000, 0x0000000100000000)
  eden space 9728K, 99% used [0x00000000f5580000,0x00000000f5effed8,0x00000000f5f00000)
  from space 19456K, 0% used [0x00000000f5f00000,0x00000000f5f00000,0x00000000f7200000)
  to   space 19456K, 0% used [0x00000000f7200000,0x00000000f7200000,0x00000000f8500000)
 ParOldGen       total 349696K, used 349694K [0x00000000e0000000, 0x00000000f5580000, 0x00000000f5580000)
  object space 349696K, 99% used [0x00000000e0000000,0x00000000f557f920,0x00000000f5580000)
 Metaspace       used 64719K, committed 65728K, reserved 1114112K
  class space    used 6400K, committed 6848K, reserved 1048576K
}

